[2017-03-13 09:14:43.935] [INFO] normal - GET /
[2017-03-13 09:14:44.753] [INFO] normal - GET /main
[2017-03-13 09:15:10.870] [INFO] normal - GET /
[2017-03-13 09:15:11.080] [WARN] normal - GET /main
[2017-03-13 09:15:12.043] [WARN] normal - GET /
[2017-03-13 09:15:12.181] [WARN] normal - GET /main
[2017-03-13 09:15:12.208] [WARN] normal - GET /
[2017-03-13 09:15:12.337] [WARN] normal - GET /main
[2017-03-13 09:15:12.420] [WARN] normal - GET /
[2017-03-13 09:15:12.571] [WARN] normal - GET /main
[2017-03-13 09:15:16.665] [WARN] normal - GET /
[2017-03-13 09:15:16.793] [WARN] normal - GET /main
[2017-03-13 09:15:32.506] [WARN] normal - GET /
[2017-03-13 09:15:32.663] [INFO] normal - GET /main
[2017-03-13 09:15:33.092] [WARN] normal - GET /
[2017-03-13 09:15:33.257] [WARN] normal - GET /main
[2017-03-13 09:15:33.282] [WARN] normal - GET /
[2017-03-13 09:15:33.405] [WARN] normal - GET /main
[2017-03-13 09:15:33.436] [WARN] normal - GET /
[2017-03-13 09:15:33.557] [WARN] normal - GET /main
[2017-03-13 09:15:33.575] [WARN] normal - GET /
[2017-03-13 09:15:33.706] [WARN] normal - GET /main
[2017-03-13 09:16:06.294] [INFO] normal - GET /
[2017-03-13 09:16:06.479] [WARN] normal - GET /main
[2017-03-13 09:19:04.666] [INFO] normal - GET /
[2017-03-13 09:19:04.981] [WARN] normal - GET /main
[2017-03-13 09:21:57.986] [INFO] normal - GET /
[2017-03-13 09:21:58.472] [INFO] normal - GET /main
[2017-03-13 09:22:04.183] [WARN] normal - GET /
[2017-03-13 09:22:04.629] [WARN] normal - GET /main
[2017-03-13 09:22:08.438] [WARN] normal - GET /
[2017-03-13 09:22:08.760] [WARN] normal - GET /main
[2017-03-13 09:23:07.664] [WARN] normal - GET /
[2017-03-13 09:23:07.996] [INFO] normal - GET /main
[2017-03-13 09:23:10.756] [WARN] normal - GET /
[2017-03-13 09:23:11.165] [WARN] normal - GET /main
[2017-03-13 09:23:36.715] [INFO] normal - GET /
[2017-03-13 09:23:37.028] [WARN] normal - GET /main
[2017-03-13 09:23:37.442] [WARN] normal - GET /
[2017-03-13 09:23:37.766] [WARN] normal - GET /main
[2017-03-13 09:23:38.351] [WARN] normal - GET /
[2017-03-13 09:23:38.675] [WARN] normal - GET /main
[2017-03-13 09:23:39.777] [WARN] normal - GET /
[2017-03-13 09:23:40.123] [WARN] normal - GET /main
[2017-03-13 09:23:40.351] [WARN] normal - GET /
[2017-03-13 09:23:40.669] [WARN] normal - GET /main
[2017-03-13 09:23:40.867] [WARN] normal - GET /
[2017-03-13 09:23:41.202] [WARN] normal - GET /main
[2017-03-13 09:23:41.364] [WARN] normal - GET /
[2017-03-13 09:23:41.667] [WARN] normal - GET /main
[2017-03-13 09:23:54.566] [WARN] normal - GET /
[2017-03-13 09:23:54.941] [WARN] normal - GET /main
[2017-03-13 09:23:55.213] [WARN] normal - GET /
[2017-03-13 09:23:55.545] [WARN] normal - GET /main
[2017-03-13 09:23:56.099] [WARN] normal - GET /
[2017-03-13 09:23:56.433] [WARN] normal - GET /main
[2017-03-13 09:23:56.855] [WARN] normal - GET /
[2017-03-13 09:23:57.173] [WARN] normal - GET /main
[2017-03-13 09:23:59.039] [WARN] normal - GET /
[2017-03-13 09:23:59.377] [WARN] normal - GET /main
[2017-03-13 09:23:59.582] [WARN] normal - GET /
[2017-03-13 09:23:59.904] [WARN] normal - GET /main
[2017-03-13 09:24:01.033] [WARN] normal - GET /
[2017-03-13 09:24:01.361] [WARN] normal - GET /main
[2017-03-13 09:24:01.633] [WARN] normal - GET /
[2017-03-13 09:24:01.956] [WARN] normal - GET /main
[2017-03-13 09:24:02.321] [WARN] normal - GET /
[2017-03-13 09:24:02.643] [WARN] normal - GET /main
[2017-03-13 09:24:02.795] [WARN] normal - GET /
[2017-03-13 09:24:03.098] [WARN] normal - GET /main
[2017-03-13 09:24:03.376] [WARN] normal - GET /
[2017-03-13 09:24:03.711] [WARN] normal - GET /main
[2017-03-13 09:24:04.168] [WARN] normal - GET /
[2017-03-13 09:24:04.485] [WARN] normal - GET /main
[2017-03-13 09:24:05.031] [WARN] normal - GET /
[2017-03-13 09:24:05.434] [WARN] normal - GET /main
[2017-03-13 09:24:05.635] [ERROR] normal - GET /gallery.html
[2017-03-13 09:24:08.352] [WARN] normal - GET /
[2017-03-13 09:24:08.670] [WARN] normal - GET /main
[2017-03-13 09:24:09.147] [WARN] normal - GET /
[2017-03-13 09:24:09.460] [WARN] normal - GET /main
[2017-03-13 09:24:10.046] [WARN] normal - GET /
[2017-03-13 09:24:10.351] [WARN] normal - GET /main
[2017-03-13 09:24:12.457] [WARN] normal - GET /
[2017-03-13 09:24:12.782] [WARN] normal - GET /main
[2017-03-13 09:24:14.627] [WARN] normal - GET /
[2017-03-13 09:24:14.955] [WARN] normal - GET /main
[2017-03-13 09:24:15.432] [WARN] normal - GET /
[2017-03-13 09:24:15.738] [WARN] normal - GET /main
[2017-03-13 09:24:16.072] [WARN] normal - GET /
[2017-03-13 09:24:16.466] [WARN] normal - GET /main
[2017-03-13 09:28:07.570] [INFO] normal - GET /
[2017-03-13 09:28:07.930] [INFO] normal - GET /main
[2017-03-13 09:28:11.504] [WARN] normal - GET /
[2017-03-13 09:28:11.874] [WARN] normal - GET /main
[2017-03-13 09:28:13.545] [WARN] normal - GET /
[2017-03-13 09:28:13.883] [WARN] normal - GET /main
[2017-03-13 09:28:15.090] [WARN] normal - GET /
[2017-03-13 09:28:15.448] [WARN] normal - GET /main
[2017-03-13 15:23:42.144] [INFO] normal - GET /
[2017-03-13 15:23:47.045] [INFO] normal - GET /main
[2017-03-13 15:24:10.865] [WARN] normal - GET /
[2017-03-13 15:24:11.436] [WARN] normal - GET /main
[2017-03-13 15:24:13.401] [WARN] normal - GET /
[2017-03-13 15:24:13.705] [WARN] normal - GET /main
[2017-03-13 15:24:14.294] [WARN] normal - GET /
[2017-03-13 15:24:14.595] [WARN] normal - GET /main
[2017-03-13 15:24:15.508] [WARN] normal - GET /
[2017-03-13 15:24:15.827] [WARN] normal - GET /main
[2017-03-13 15:24:16.831] [WARN] normal - GET /
[2017-03-13 15:24:17.122] [WARN] normal - GET /main
[2017-03-13 15:24:17.915] [WARN] normal - GET /
[2017-03-13 15:24:18.194] [WARN] normal - GET /main
[2017-03-13 15:24:18.675] [WARN] normal - GET /
[2017-03-13 15:24:18.868] [WARN] normal - GET /main
[2017-03-13 15:24:20.065] [WARN] normal - GET /
[2017-03-13 15:24:20.262] [WARN] normal - GET /main
[2017-03-13 15:24:20.846] [WARN] normal - GET /
[2017-03-13 15:24:21.040] [WARN] normal - GET /main
[2017-03-13 15:24:22.295] [WARN] normal - GET /
[2017-03-13 15:24:22.481] [WARN] normal - GET /main
[2017-03-13 15:24:22.962] [WARN] normal - GET /
[2017-03-13 15:24:23.156] [WARN] normal - GET /main
[2017-03-13 15:24:23.493] [WARN] normal - GET /
[2017-03-13 15:24:23.733] [WARN] normal - GET /main
[2017-03-13 15:27:05.474] [WARN] normal - GET /
[2017-03-13 15:27:05.732] [WARN] normal - GET /main
[2017-03-13 15:27:30.161] [INFO] normal - GET /gallery
[2017-03-13 15:27:35.606] [WARN] normal - GET /main
[2017-03-13 15:27:35.611] [WARN] normal - GET /
[2017-03-13 15:27:35.901] [WARN] normal - GET /main
[2017-03-13 15:27:40.136] [WARN] normal - GET /gallery
[2017-03-13 15:29:00.893] [WARN] normal - GET /
[2017-03-13 15:29:01.475] [INFO] normal - GET /gallery
[2017-03-13 15:29:09.170] [WARN] normal - GET /
[2017-03-13 15:29:09.539] [WARN] normal - GET /gallery
[2017-03-13 15:29:10.061] [WARN] normal - GET /
[2017-03-13 15:29:10.397] [WARN] normal - GET /gallery
[2017-03-13 15:30:19.365] [INFO] normal - GET /
[2017-03-13 15:30:19.705] [WARN] normal - GET /gallery
[2017-03-13 15:30:20.225] [WARN] normal - GET /
[2017-03-13 15:30:20.584] [WARN] normal - GET /gallery
[2017-03-13 15:30:47.603] [WARN] normal - GET /main
[2017-03-13 15:30:47.612] [WARN] normal - GET /
[2017-03-13 15:30:48.084] [WARN] normal - GET /main
[2017-03-13 15:30:55.824] [WARN] normal - GET /gallery
[2017-03-13 15:32:33.564] [WARN] normal - GET /
[2017-03-13 15:32:33.922] [INFO] normal - GET /gallery
[2017-03-13 15:33:57.744] [INFO] normal - GET /
[2017-03-13 15:33:58.200] [WARN] normal - GET /gallery
[2017-03-13 15:34:14.930] [WARN] normal - GET /
[2017-03-13 15:34:15.287] [WARN] normal - GET /gallery
[2017-03-13 15:34:16.113] [WARN] normal - GET /
[2017-03-13 15:34:16.438] [WARN] normal - GET /gallery
[2017-03-13 15:34:17.511] [WARN] normal - GET /
[2017-03-13 15:34:17.867] [WARN] normal - GET /gallery
[2017-03-13 15:34:29.372] [WARN] normal - GET /main
[2017-03-13 15:34:29.384] [WARN] normal - GET /
[2017-03-13 15:34:29.844] [WARN] normal - GET /main
[2017-03-13 15:34:41.133] [WARN] normal - GET /gallery
[2017-03-13 15:42:06.153] [INFO] normal - GET /
[2017-03-13 15:42:06.668] [INFO] normal - GET /main
[2017-03-13 15:42:15.168] [WARN] normal - GET /
[2017-03-13 15:42:15.604] [WARN] normal - GET /main
[2017-03-13 15:44:16.149] [INFO] normal - GET /
[2017-03-13 15:44:16.684] [WARN] normal - GET /main
[2017-03-13 15:44:46.364] [INFO] normal - GET /
[2017-03-13 15:44:46.822] [WARN] normal - GET /main
[2017-03-13 15:44:50.634] [WARN] normal - GET /gallery
[2017-03-13 15:44:58.443] [WARN] normal - GET /
[2017-03-13 15:44:58.855] [WARN] normal - GET /gallery
[2017-03-13 15:46:08.278] [WARN] normal - GET /
[2017-03-13 15:46:08.698] [INFO] normal - GET /gallery
[2017-03-13 15:46:10.255] [WARN] normal - GET /
[2017-03-13 15:46:10.688] [WARN] normal - GET /gallery
[2017-03-13 15:46:19.261] [WARN] normal - GET /
[2017-03-13 15:46:19.699] [WARN] normal - GET /gallery
[2017-03-13 15:46:56.853] [INFO] normal - GET /
[2017-03-13 15:46:57.465] [WARN] normal - GET /gallery
[2017-03-13 15:47:45.682] [INFO] normal - GET /
[2017-03-13 15:47:46.216] [WARN] normal - GET /gallery
[2017-03-13 15:47:50.343] [WARN] normal - GET /
[2017-03-13 15:47:50.822] [WARN] normal - GET /gallery
[2017-03-13 15:47:51.237] [WARN] normal - GET /
[2017-03-13 15:47:51.661] [WARN] normal - GET /gallery
[2017-03-13 15:48:03.844] [WARN] normal - GET /
[2017-03-13 15:48:04.394] [WARN] normal - GET /gallery
[2017-03-13 15:48:04.621] [WARN] normal - GET /
[2017-03-13 15:48:05.150] [WARN] normal - GET /gallery
[2017-03-13 15:48:05.521] [WARN] normal - GET /
[2017-03-13 15:48:05.934] [WARN] normal - GET /gallery
[2017-03-13 15:48:15.218] [WARN] normal - GET /main
[2017-03-13 15:48:15.227] [WARN] normal - GET /
[2017-03-13 15:48:15.856] [WARN] normal - GET /main
[2017-03-13 15:48:23.153] [WARN] normal - GET /
[2017-03-13 15:48:23.604] [WARN] normal - GET /main
[2017-03-13 15:48:42.624] [ERROR] normal - GET /index.html
[2017-03-13 16:18:01.963] [INFO] normal - GET /
[2017-03-13 16:18:03.015] [INFO] normal - GET /main
[2017-03-13 16:18:10.596] [WARN] normal - GET /gallery
[2017-03-13 16:19:31.058] [INFO] normal - GET /
[2017-03-13 16:19:31.360] [INFO] normal - GET /gallery
[2017-03-13 16:19:32.585] [WARN] normal - GET /
[2017-03-13 16:19:32.833] [WARN] normal - GET /gallery
[2017-03-13 16:19:33.495] [WARN] normal - GET /
[2017-03-13 16:19:33.709] [WARN] normal - GET /gallery
[2017-03-13 16:19:33.841] [WARN] normal - GET /
[2017-03-13 16:19:33.998] [WARN] normal - GET /gallery
[2017-03-13 16:19:34.055] [WARN] normal - GET /
[2017-03-13 16:19:34.245] [WARN] normal - GET /gallery
[2017-03-13 16:19:35.317] [INFO] normal - GET /main
[2017-03-13 16:19:35.786] [WARN] normal - GET /
[2017-03-13 16:19:35.991] [WARN] normal - GET /main
[2017-03-13 16:19:36.292] [WARN] normal - GET /
[2017-03-13 16:19:36.487] [WARN] normal - GET /main
[2017-03-13 16:19:36.585] [WARN] normal - GET /
[2017-03-13 16:19:36.789] [WARN] normal - GET /main
[2017-03-13 16:19:37.686] [WARN] normal - GET /gallery
[2017-03-13 16:19:55.973] [WARN] normal - GET /
[2017-03-13 16:19:56.188] [WARN] normal - GET /main
